2023-03-22 12:14:03 [백엔드 맛보기] info : 3000 포트에서 서버가 가동되었습니다.
2023-03-22 12:14:03 [백엔드 맛보기] info : GET / 200 "메인 화면"
2023-03-22 12:15:03 [백엔드 맛보기] info : GET / 200 "메인 화면"
2023-03-22 12:15:03 [백엔드 맛보기] info : GET / 200 "메인 화면"
2023-03-22 12:15:03 [백엔드 맛보기] info : GET /login 304 "로그인 화면으로 이동"
2023-03-22 12:16:03 [백엔드 맛보기] info : GET /login 304 "로그인 화면으로 이동"
2023-03-22 12:16:03 [백엔드 맛보기] info : GET /login 304 "로그인 화면으로 이동"
2023-03-22 12:16:03 [백엔드 맛보기] info : GET /login 304 "로그인 화면으로 이동"
2023-03-22 12:20:03 [백엔드 맛보기] info : 3000 포트에서 서버가 가동되었습니다.
2023-03-22 12:20:03 [백엔드 맛보기] info : 3000 포트에서 서버가 가동되었습니다.
2023-03-22 12:21:03 [백엔드 맛보기] info : GET /write "일기 작성하면"
2023-03-22 12:22:03 [백엔드 맛보기] info : GET /write "일기 작성하면"
2023-03-22 12:22:03 [백엔드 맛보기] info : GET /write "일기 작성하면"
2023-03-22 12:22:03 [백엔드 맛보기] info : GET /write "일기 작성하면"
2023-03-22 12:23:03 [백엔드 맛보기] info : 3000 포트에서 서버가 가동되었습니다.
2023-03-22 12:25:03 [백엔드 맛보기] info : GET /write "일기 작성하면"
2023-03-22 12:25:03 [백엔드 맛보기] error : POST /save 404 Response: false Error: You have an error in your SQL syntax; check the manual that corresponds to your MySQL server version for the right syntax to use near '?, ?)' at line 1
2023-03-22 12:25:03 [백엔드 맛보기] info : 3000 포트에서 서버가 가동되었습니다.
2023-03-22 12:30:03 [백엔드 맛보기] info : 3000 포트에서 서버가 가동되었습니다.
2023-03-22 12:30:03 [백엔드 맛보기] error : POST /save 404 Response: false Error: You have an error in your SQL syntax; check the manual that corresponds to your MySQL server version for the right syntax to use near '?)' at line 1
2023-03-22 12:32:03 [백엔드 맛보기] info : 3000 포트에서 서버가 가동되었습니다.
2023-03-22 12:32:03 [백엔드 맛보기] info : GET /write "일기 작성화면"
2023-03-22 12:32:03 [백엔드 맛보기] error : POST /save 404 Response: false Error: You have an error in your SQL syntax; check the manual that corresponds to your MySQL server version for the right syntax to use near '?)' at line 1
2023-03-22 12:32:03 [백엔드 맛보기] info : 3000 포트에서 서버가 가동되었습니다.
2023-03-22 12:32:03 [백엔드 맛보기] error : POST /save 404 Response: false Error: You have an error in your SQL syntax; check the manual that corresponds to your MySQL server version for the right syntax to use near '?)' at line 1
2023-03-22 12:34:03 [백엔드 맛보기] info : 3000 포트에서 서버가 가동되었습니다.
2023-03-22 12:34:03 [백엔드 맛보기] info : GET /write "일기 작성화면"
2023-03-22 12:34:03 [백엔드 맛보기] error : POST /save 404 Response: false Error: You have an error in your SQL syntax; check the manual that corresponds to your MySQL server version for the right syntax to use near '?)' at line 1
2023-03-22 12:35:03 [백엔드 맛보기] info : GET /write "일기 작성화면"
2023-03-22 12:35:03 [백엔드 맛보기] error : POST /save 404 Response: false Error: You have an error in your SQL syntax; check the manual that corresponds to your MySQL server version for the right syntax to use near '?)' at line 1
2023-03-22 12:36:03 [백엔드 맛보기] info : 3000 포트에서 서버가 가동되었습니다.
2023-03-22 12:36:03 [백엔드 맛보기] error : POST /save 404 Response: false Error: You have an error in your SQL syntax; check the manual that corresponds to your MySQL server version for the right syntax to use near '?)' at line 1
2023-03-22 12:36:03 [백엔드 맛보기] info : 3000 포트에서 서버가 가동되었습니다.
2023-03-22 12:36:03 [백엔드 맛보기] info : 3000 포트에서 서버가 가동되었습니다.
2023-03-22 12:36:03 [백엔드 맛보기] error : POST /save 404 Response: false Error: You have an error in your SQL syntax; check the manual that corresponds to your MySQL server version for the right syntax to use near '?)' at line 1
2023-03-22 12:37:03 [백엔드 맛보기] error : POST /save 404 Response: false Error: You have an error in your SQL syntax; check the manual that corresponds to your MySQL server version for the right syntax to use near '?)' at line 1
2023-03-22 12:37:03 [백엔드 맛보기] info : GET /write "일기 작성화면"
2023-03-22 12:37:03 [백엔드 맛보기] error : POST /save 404 Response: false Error: You have an error in your SQL syntax; check the manual that corresponds to your MySQL server version for the right syntax to use near '?)' at line 1
2023-03-22 12:38:03 [백엔드 맛보기] info : 3000 포트에서 서버가 가동되었습니다.
2023-03-22 12:38:03 [백엔드 맛보기] info : GET /write "일기 작성화면"
2023-03-22 12:38:03 [백엔드 맛보기] error : POST /save 404 Response: false Error: You have an error in your SQL syntax; check the manual that corresponds to your MySQL server version for the right syntax to use near '?, ?, ?, ?, ?)' at line 1
2023-03-22 12:42:03 [백엔드 맛보기] info : GET / 200 "메인 화면"
2023-03-22 12:42:03 [백엔드 맛보기] info : GET /write "일기 작성화면"
2023-03-22 12:42:03 [백엔드 맛보기] error : POST /save 404 Response: false Error: You have an error in your SQL syntax; check the manual that corresponds to your MySQL server version for the right syntax to use near '?, ?, ?, ?, ?)' at line 1
2023-03-22 12:42:03 [백엔드 맛보기] error : POST /save 404 Response: false Error: You have an error in your SQL syntax; check the manual that corresponds to your MySQL server version for the right syntax to use near '?, ?, ?, ?, ?)' at line 1
2023-03-22 12:45:03 [백엔드 맛보기] info : 3000 포트에서 서버가 가동되었습니다.
2023-03-22 12:46:03 [백엔드 맛보기] error : POST /save 404 Response: false TypeError: Cannot read properties of undefined (reading 'title')
2023-03-22 12:48:03 [백엔드 맛보기] info : 3000 포트에서 서버가 가동되었습니다.
2023-03-22 12:48:03 [백엔드 맛보기] info : 3000 포트에서 서버가 가동되었습니다.
2023-03-22 12:51:03 [백엔드 맛보기] info : 3000 포트에서 서버가 가동되었습니다.
2023-03-22 12:51:03 [백엔드 맛보기] error : POST /save 404 Response: false TypeError: Cannot read properties of undefined (reading 'title')
2023-03-22 12:52:03 [백엔드 맛보기] info : 3000 포트에서 서버가 가동되었습니다.
2023-03-22 12:52:03 [백엔드 맛보기] error : POST /save 404 Response: false TypeError: Cannot read properties of undefined (reading 'title')
2023-03-22 12:52:03 [백엔드 맛보기] error : POST /save 404 Response: false TypeError: Cannot read properties of undefined (reading 'title')
2023-03-22 12:55:03 [백엔드 맛보기] error : POST /save 404 Response: false TypeError: Cannot read properties of undefined (reading 'title')
2023-03-22 12:55:03 [백엔드 맛보기] error : POST /save 404 Response: false TypeError: Cannot read properties of undefined (reading 'title')
2023-03-22 12:55:03 [백엔드 맛보기] error : POST /save 404 Response: false TypeError: Cannot read properties of undefined (reading 'title')
2023-03-22 12:57:03 [백엔드 맛보기] info : 3000 포트에서 서버가 가동되었습니다.
2023-03-22 12:57:03 [백엔드 맛보기] error : POST /save 404 Response: false TypeError: Cannot read properties of undefined (reading 'title')
2023-03-22 12:57:03 [백엔드 맛보기] info : 3000 포트에서 서버가 가동되었습니다.
2023-03-22 12:57:03 [백엔드 맛보기] error : POST /save 404 Response: false TypeError: Cannot read properties of undefined (reading 'title')
2023-03-22 12:59:03 [백엔드 맛보기] info : 3000 포트에서 서버가 가동되었습니다.
2023-03-22 12:59:03 [백엔드 맛보기] error : POST /save 404 Response: false TypeError: Cannot read properties of undefined (reading 'title')
2023-03-22 12:59:03 [백엔드 맛보기] error : POST /save 404 Response: false TypeError: Cannot read properties of undefined (reading 'title')
2023-03-22 12:59:03 [백엔드 맛보기] error : POST /save 404 Response: false TypeError: Cannot read properties of undefined (reading 'title')
2023-03-22 12:59:03 [백엔드 맛보기] error : POST /save 404 Response: false TypeError: Cannot read properties of undefined (reading 'title')
2023-03-22 12:59:03 [백엔드 맛보기] error : POST /save 404 Response: false TypeError: Cannot read properties of undefined (reading 'title')
2023-03-22 12:59:03 [백엔드 맛보기] error : POST /save 404 Response: false TypeError: Cannot read properties of undefined (reading 'title')
2023-03-22 12:59:03 [백엔드 맛보기] error : POST /save 404 Response: false TypeError: Cannot read properties of undefined (reading 'title')
2023-03-22 12:59:03 [백엔드 맛보기] error : POST /save 404 Response: false TypeError: Cannot read properties of undefined (reading 'title')
2023-03-22 13:01:03 [백엔드 맛보기] error : POST /save 404 Response: false TypeError: Cannot read properties of undefined (reading 'title')
2023-03-22 13:01:03 [백엔드 맛보기] error : POST /save 404 Response: false TypeError: Cannot read properties of undefined (reading 'title')
2023-03-22 13:01:03 [백엔드 맛보기] info : GET / 200 "메인 화면"
2023-03-22 13:01:03 [백엔드 맛보기] info : GET /write "일기 작성화면"
2023-03-22 13:01:03 [백엔드 맛보기] error : POST /save 404 Response: false TypeError: Cannot read properties of undefined (reading 'title')
2023-03-22 13:02:03 [백엔드 맛보기] info : 3000 포트에서 서버가 가동되었습니다.
2023-03-22 13:02:03 [백엔드 맛보기] info : GET /write "일기 작성화면"
2023-03-22 13:02:03 [백엔드 맛보기] info : GET /write "일기 작성화면"
2023-03-22 13:02:03 [백엔드 맛보기] error : POST /save 404 Response: false TypeError: Cannot read properties of undefined (reading 'title')
2023-03-22 13:05:03 [백엔드 맛보기] info : 3000 포트에서 서버가 가동되었습니다.
2023-03-22 13:05:03 [백엔드 맛보기] info : 3000 포트에서 서버가 가동되었습니다.
2023-03-22 13:05:03 [백엔드 맛보기] error : POST /save 404 Response: false Error: Column 'title' cannot be null
2023-03-22 13:06:03 [백엔드 맛보기] info : 3000 포트에서 서버가 가동되었습니다.
2023-03-22 13:10:03 [백엔드 맛보기] info : 3000 포트에서 서버가 가동되었습니다.
2023-03-22 13:10:03 [백엔드 맛보기] info : 3000 포트에서 서버가 가동되었습니다.
2023-03-22 13:10:03 [백엔드 맛보기] error : POST /save 404 Response: false Error: Column 'title' cannot be null
2023-03-22 13:11:03 [백엔드 맛보기] error : POST /save 404 Response: false Error: Column 'title' cannot be null
2023-03-22 13:11:03 [백엔드 맛보기] info : POST /save 200 Response: true 
2023-03-22 13:11:03 [백엔드 맛보기] info : 3000 포트에서 서버가 가동되었습니다.
2023-03-22 13:12:03 [백엔드 맛보기] info : 3000 포트에서 서버가 가동되었습니다.
2023-03-22 13:12:03 [백엔드 맛보기] info : 3000 포트에서 서버가 가동되었습니다.
2023-03-22 13:12:03 [백엔드 맛보기] info : GET / 200 "메인 화면"
2023-03-22 13:13:03 [백엔드 맛보기] info : 3000 포트에서 서버가 가동되었습니다.
